# JRE version: OpenJDK Runtime Environment (8.0_202-b03) (build 1.8.0_202-release-1483-b03)
# Java VM: OpenJDK 64-Bit Server VM (25.202-b03 mixed mode windows-amd64 compressed oops)
Heap:
 PSYoungGen      total 166400K, used 144020K [0x00000000eab00000, 0x00000000fa700000, 0x0000000100000000)
  eden space 151552K, 85% used [0x00000000eab00000,0x00000000f2928810,0x00000000f3f00000)
  from space 14848K, 99% used [0x00000000f3f00000,0x00000000f4d7ca30,0x00000000f4d80000)
  to   space 19968K, 0% used [0x00000000f9380000,0x00000000f9380000,0x00000000fa700000)
 ParOldGen       total 166400K, used 26808K [0x00000000c0000000, 0x00000000ca280000, 0x00000000eab00000)
  object space 166400K, 16% used [0x00000000c0000000,0x00000000c1a2e1e0,0x00000000ca280000)
 Metaspace       used 55151K, capacity 56732K, committed 56920K, reserved 1097728K
  class space    used 7387K, capacity 7771K, committed 7808K, reserved 1048576K
GC Heap History (10 events):
Event: 3.696 GC heap before
{Heap before GC invocations=5 (full 1):
 PSYoungGen      total 75776K, used 65024K [0x00000000eab00000, 0x00000000f3f00000, 0x0000000100000000)
  eden space 65024K, 100% used [0x00000000eab00000,0x00000000eea80000,0x00000000eea80000)
  from space 10752K, 0% used [0x00000000eea80000,0x00000000eea80000,0x00000000ef500000)
  to   space 10752K, 0% used [0x00000000f3480000,0x00000000f3480000,0x00000000f3f00000)
 ParOldGen       total 102912K, used 8614K [0x00000000c0000000, 0x00000000c6480000, 0x00000000eab00000)
  object space 102912K, 8% used [0x00000000c0000000,0x00000000c0869bb0,0x00000000c6480000)
 Metaspace       used 26286K, capacity 26698K, committed 27136K, reserved 1073152K
  class space    used 3622K, capacity 3744K, committed 3840K, reserved 1048576K
Event: 3.704 GC heap after
Heap after GC invocations=5 (full 1):
 PSYoungGen      total 107520K, used 7027K [0x00000000eab00000, 0x00000000f3b80000, 0x0000000100000000)
  eden space 100352K, 0% used [0x00000000eab00000,0x00000000eab00000,0x00000000f0d00000)
  from space 7168K, 98% used [0x00000000f3480000,0x00000000f3b5cc60,0x00000000f3b80000)
  to   space 10752K, 0% used [0x00000000f2680000,0x00000000f2680000,0x00000000f3100000)
 ParOldGen       total 102912K, used 8622K [0x00000000c0000000, 0x00000000c6480000, 0x00000000eab00000)
  object space 102912K, 8% used [0x00000000c0000000,0x00000000c086bbb0,0x00000000c6480000)
 Metaspace       used 26286K, capacity 26698K, committed 27136K, reserved 1073152K
  class space    used 3622K, capacity 3744K, committed 3840K, reserved 1048576K
}
Event: 5.049 GC heap before
{Heap before GC invocations=6 (full 1):
 PSYoungGen      total 107520K, used 104410K [0x00000000eab00000, 0x00000000f3b80000, 0x0000000100000000)
  eden space 100352K, 97% used [0x00000000eab00000,0x00000000f0a19ce8,0x00000000f0d00000)
  from space 7168K, 98% used [0x00000000f3480000,0x00000000f3b5cc60,0x00000000f3b80000)
  to   space 10752K, 0% used [0x00000000f2680000,0x00000000f2680000,0x00000000f3100000)
 ParOldGen       total 102912K, used 8622K [0x00000000c0000000, 0x00000000c6480000, 0x00000000eab00000)
  object space 102912K, 8% used [0x00000000c0000000,0x00000000c086bbb0,0x00000000c6480000)
 Metaspace       used 34547K, capacity 35136K, committed 35416K, reserved 1079296K
  class space    used 4778K, capacity 4962K, committed 4992K, reserved 1048576K
Event: 5.060 GC heap after
Heap after GC invocations=6 (full 1):
 PSYoungGen      total 137216K, used 10725K [0x00000000eab00000, 0x00000000f5b80000, 0x0000000100000000)
  eden space 126464K, 0% used [0x00000000eab00000,0x00000000eab00000,0x00000000f2680000)
  from space 10752K, 99% used [0x00000000f2680000,0x00000000f30f9590,0x00000000f3100000)
  to   space 14336K, 0% used [0x00000000f4d80000,0x00000000f4d80000,0x00000000f5b80000)
 ParOldGen       total 102912K, used 11271K [0x00000000c0000000, 0x00000000c6480000, 0x00000000eab00000)
  object space 102912K, 10% used [0x00000000c0000000,0x00000000c0b01f30,0x00000000c6480000)
 Metaspace       used 34547K, capacity 35136K, committed 35416K, reserved 1079296K
  class space    used 4778K, capacity 4962K, committed 4992K, reserved 1048576K
}
Event: 5.060 GC heap before
{Heap before GC invocations=7 (full 2):
 PSYoungGen      total 137216K, used 10725K [0x00000000eab00000, 0x00000000f5b80000, 0x0000000100000000)
  eden space 126464K, 0% used [0x00000000eab00000,0x00000000eab00000,0x00000000f2680000)
  from space 10752K, 99% used [0x00000000f2680000,0x00000000f30f9590,0x00000000f3100000)
  to   space 14336K, 0% used [0x00000000f4d80000,0x00000000f4d80000,0x00000000f5b80000)
 ParOldGen       total 102912K, used 11271K [0x00000000c0000000, 0x00000000c6480000, 0x00000000eab00000)
  object space 102912K, 10% used [0x00000000c0000000,0x00000000c0b01f30,0x00000000c6480000)
 Metaspace       used 34547K, capacity 35136K, committed 35416K, reserved 1079296K
  class space    used 4778K, capacity 4962K, committed 4992K, reserved 1048576K
Event: 5.094 GC heap after
Heap after GC invocations=7 (full 2):
 PSYoungGen      total 137216K, used 0K [0x00000000eab00000, 0x00000000f5b80000, 0x0000000100000000)
  eden space 126464K, 0% used [0x00000000eab00000,0x00000000eab00000,0x00000000f2680000)
  from space 10752K, 0% used [0x00000000f2680000,0x00000000f2680000,0x00000000f3100000)
  to   space 14336K, 0% used [0x00000000f4d80000,0x00000000f4d80000,0x00000000f5b80000)
 ParOldGen       total 166400K, used 19931K [0x00000000c0000000, 0x00000000ca280000, 0x00000000eab00000)
  object space 166400K, 11% used [0x00000000c0000000,0x00000000c1376ed0,0x00000000ca280000)
 Metaspace       used 34547K, capacity 35136K, committed 35416K, reserved 1079296K
  class space    used 4778K, capacity 4962K, committed 4992K, reserved 1048576K
}
Event: 6.463 GC heap before
{Heap before GC invocations=8 (full 2):
 PSYoungGen      total 137216K, used 126464K [0x00000000eab00000, 0x00000000f5b80000, 0x0000000100000000)
  eden space 126464K, 100% used [0x00000000eab00000,0x00000000f2680000,0x00000000f2680000)
  from space 10752K, 0% used [0x00000000f2680000,0x00000000f2680000,0x00000000f3100000)
  to   space 14336K, 0% used [0x00000000f4d80000,0x00000000f4d80000,0x00000000f5b80000)
 ParOldGen       total 166400K, used 19931K [0x00000000c0000000, 0x00000000ca280000, 0x00000000eab00000)
  object space 166400K, 11% used [0x00000000c0000000,0x00000000c1376ed0,0x00000000ca280000)
 Metaspace       used 44147K, capacity 44990K, committed 45272K, reserved 1087488K
  class space    used 6016K, capacity 6284K, committed 6400K, reserved 1048576K
Event: 6.473 GC heap after
Heap after GC invocations=8 (full 2):
 PSYoungGen      total 165888K, used 12088K [0x00000000eab00000, 0x00000000f7a80000, 0x0000000100000000)
  eden space 151552K, 0% used [0x00000000eab00000,0x00000000eab00000,0x00000000f3f00000)
  from space 14336K, 84% used [0x00000000f4d80000,0x00000000f594e260,0x00000000f5b80000)
  to   space 14848K, 0% used [0x00000000f3f00000,0x00000000f3f00000,0x00000000f4d80000)
 ParOldGen       total 166400K, used 19939K [0x00000000c0000000, 0x00000000ca280000, 0x00000000eab00000)
  object space 166400K, 11% used [0x00000000c0000000,0x00000000c1378ed0,0x00000000ca280000)
 Metaspace       used 44147K, capacity 44990K, committed 45272K, reserved 1087488K
  class space    used 6016K, capacity 6284K, committed 6400K, reserved 1048576K
}
Event: 8.189 GC heap before
{Heap before GC invocations=9 (full 2):
 PSYoungGen      total 165888K, used 163640K [0x00000000eab00000, 0x00000000f7a80000, 0x0000000100000000)
  eden space 151552K, 100% used [0x00000000eab00000,0x00000000f3f00000,0x00000000f3f00000)
  from space 14336K, 84% used [0x00000000f4d80000,0x00000000f594e260,0x00000000f5b80000)
  to   space 14848K, 0% used [0x00000000f3f00000,0x00000000f3f00000,0x00000000f4d80000)
 ParOldGen       total 166400K, used 19939K [0x00000000c0000000, 0x00000000ca280000, 0x00000000eab00000)
  object space 166400K, 11% used [0x00000000c0000000,0x00000000c1378ed0,0x00000000ca280000)
 Metaspace       used 50712K, capacity 52208K, committed 52440K, reserved 1093632K
  class space    used 6949K, capacity 7317K, committed 7424K, reserved 1048576K
Event: 8.205 GC heap after
Heap after GC invocations=9 (full 2):
 PSYoungGen      total 166400K, used 14834K [0x00000000eab00000, 0x00000000fa700000, 0x0000000100000000)
  eden space 151552K, 0% used [0x00000000eab00000,0x00000000eab00000,0x00000000f3f00000)
  from space 14848K, 99% used [0x00000000f3f00000,0x00000000f4d7ca30,0x00000000f4d80000)
  to   space 19968K, 0% used [0x00000000f9380000,0x00000000f9380000,0x00000000fa700000)
 ParOldGen       total 166400K, used 26808K [0x00000000c0000000, 0x00000000ca280000, 0x00000000eab00000)
  object space 166400K, 16% used [0x00000000c0000000,0x00000000c1a2e1e0,0x00000000ca280000)
 Metaspace       used 50712K, capacity 52208K, committed 52440K, reserved 1093632K
  class space    used 6949K, capacity 7317K, committed 7424K, reserved 1048576K
}

