# JRE version: OpenJDK Runtime Environment (8.0_202-b03) (build 1.8.0_202-release-1483-b03)
# Java VM: OpenJDK 64-Bit Server VM (25.202-b03 mixed mode windows-amd64 compressed oops)
Heap:
 PSYoungGen      total 107008K, used 45645K [0x00000000eab00000, 0x00000000f4480000, 0x0000000100000000)
  eden space 93696K, 35% used [0x00000000eab00000,0x00000000ecbd4b68,0x00000000f0680000)
  from space 13312K, 90% used [0x00000000f0680000,0x00000000f123ec18,0x00000000f1380000)
  to   space 14336K, 0% used [0x00000000f3680000,0x00000000f3680000,0x00000000f4480000)
 ParOldGen       total 109568K, used 18528K [0x00000000c0000000, 0x00000000c6b00000, 0x00000000eab00000)
  object space 109568K, 16% used [0x00000000c0000000,0x00000000c1218338,0x00000000c6b00000)
 Metaspace       used 44855K, capacity 45898K, committed 46040K, reserved 1089536K
  class space    used 6088K, capacity 6392K, committed 6400K, reserved 1048576K
GC Heap History (10 events):
Event: 5.331 GC heap before
{Heap before GC invocations=5 (full 1):
 PSYoungGen      total 75776K, used 65024K [0x00000000eab00000, 0x00000000eff80000, 0x0000000100000000)
  eden space 65024K, 100% used [0x00000000eab00000,0x00000000eea80000,0x00000000eea80000)
  from space 10752K, 0% used [0x00000000eea80000,0x00000000eea80000,0x00000000ef500000)
  to   space 10752K, 0% used [0x00000000ef500000,0x00000000ef500000,0x00000000eff80000)
 ParOldGen       total 109568K, used 9318K [0x00000000c0000000, 0x00000000c6b00000, 0x00000000eab00000)
  object space 109568K, 8% used [0x00000000c0000000,0x00000000c09198a8,0x00000000c6b00000)
 Metaspace       used 27918K, capacity 28382K, committed 28544K, reserved 1073152K
  class space    used 3796K, capacity 3954K, committed 3968K, reserved 1048576K
Event: 5.336 GC heap after
Heap after GC invocations=5 (full 1):
 PSYoungGen      total 75776K, used 7843K [0x00000000eab00000, 0x00000000f1b80000, 0x0000000100000000)
  eden space 65024K, 0% used [0x00000000eab00000,0x00000000eab00000,0x00000000eea80000)
  from space 10752K, 72% used [0x00000000ef500000,0x00000000efca8e08,0x00000000eff80000)
  to   space 10752K, 0% used [0x00000000eea80000,0x00000000eea80000,0x00000000ef500000)
 ParOldGen       total 109568K, used 9326K [0x00000000c0000000, 0x00000000c6b00000, 0x00000000eab00000)
  object space 109568K, 8% used [0x00000000c0000000,0x00000000c091b8a8,0x00000000c6b00000)
 Metaspace       used 27918K, capacity 28382K, committed 28544K, reserved 1073152K
  class space    used 3796K, capacity 3954K, committed 3968K, reserved 1048576K
}
Event: 6.483 GC heap before
{Heap before GC invocations=6 (full 1):
 PSYoungGen      total 75776K, used 72867K [0x00000000eab00000, 0x00000000f1b80000, 0x0000000100000000)
  eden space 65024K, 100% used [0x00000000eab00000,0x00000000eea80000,0x00000000eea80000)
  from space 10752K, 72% used [0x00000000ef500000,0x00000000efca8e08,0x00000000eff80000)
  to   space 10752K, 0% used [0x00000000eea80000,0x00000000eea80000,0x00000000ef500000)
 ParOldGen       total 109568K, used 9326K [0x00000000c0000000, 0x00000000c6b00000, 0x00000000eab00000)
  object space 109568K, 8% used [0x00000000c0000000,0x00000000c091b8a8,0x00000000c6b00000)
 Metaspace       used 32300K, capacity 33040K, committed 33280K, reserved 1077248K
  class space    used 4376K, capacity 4580K, committed 4608K, reserved 1048576K
Event: 6.495 GC heap after
Heap after GC invocations=6 (full 1):
 PSYoungGen      total 75776K, used 10747K [0x00000000eab00000, 0x00000000f1f80000, 0x0000000100000000)
  eden space 65024K, 0% used [0x00000000eab00000,0x00000000eab00000,0x00000000eea80000)
  from space 10752K, 99% used [0x00000000eea80000,0x00000000ef4fec10,0x00000000ef500000)
  to   space 12288K, 0% used [0x00000000f1380000,0x00000000f1380000,0x00000000f1f80000)
 ParOldGen       total 109568K, used 9552K [0x00000000c0000000, 0x00000000c6b00000, 0x00000000eab00000)
  object space 109568K, 8% used [0x00000000c0000000,0x00000000c09543f0,0x00000000c6b00000)
 Metaspace       used 32300K, capacity 33040K, committed 33280K, reserved 1077248K
  class space    used 4376K, capacity 4580K, committed 4608K, reserved 1048576K
}
Event: 8.124 GC heap before
{Heap before GC invocations=7 (full 1):
 PSYoungGen      total 75776K, used 59474K [0x00000000eab00000, 0x00000000f1f80000, 0x0000000100000000)
  eden space 65024K, 74% used [0x00000000eab00000,0x00000000eda95e80,0x00000000eea80000)
  from space 10752K, 99% used [0x00000000eea80000,0x00000000ef4fec10,0x00000000ef500000)
  to   space 12288K, 0% used [0x00000000f1380000,0x00000000f1380000,0x00000000f1f80000)
 ParOldGen       total 109568K, used 9552K [0x00000000c0000000, 0x00000000c6b00000, 0x00000000eab00000)
  object space 109568K, 8% used [0x00000000c0000000,0x00000000c09543f0,0x00000000c6b00000)
 Metaspace       used 34556K, capacity 35300K, committed 35416K, reserved 1079296K
  class space    used 4727K, capacity 4931K, committed 4992K, reserved 1048576K
Event: 8.135 GC heap after
Heap after GC invocations=7 (full 1):
 PSYoungGen      total 105984K, used 12113K [0x00000000eab00000, 0x00000000f2100000, 0x0000000100000000)
  eden space 93696K, 0% used [0x00000000eab00000,0x00000000eab00000,0x00000000f0680000)
  from space 12288K, 98% used [0x00000000f1380000,0x00000000f1f54648,0x00000000f1f80000)
  to   space 13312K, 0% used [0x00000000f0680000,0x00000000f0680000,0x00000000f1380000)
 ParOldGen       total 109568K, used 9560K [0x00000000c0000000, 0x00000000c6b00000, 0x00000000eab00000)
  object space 109568K, 8% used [0x00000000c0000000,0x00000000c09563f0,0x00000000c6b00000)
 Metaspace       used 34556K, capacity 35300K, committed 35416K, reserved 1079296K
  class space    used 4727K, capacity 4931K, committed 4992K, reserved 1048576K
}
Event: 8.135 GC heap before
{Heap before GC invocations=8 (full 2):
 PSYoungGen      total 105984K, used 12113K [0x00000000eab00000, 0x00000000f2100000, 0x0000000100000000)
  eden space 93696K, 0% used [0x00000000eab00000,0x00000000eab00000,0x00000000f0680000)
  from space 12288K, 98% used [0x00000000f1380000,0x00000000f1f54648,0x00000000f1f80000)
  to   space 13312K, 0% used [0x00000000f0680000,0x00000000f0680000,0x00000000f1380000)
 ParOldGen       total 109568K, used 9560K [0x00000000c0000000, 0x00000000c6b00000, 0x00000000eab00000)
  object space 109568K, 8% used [0x00000000c0000000,0x00000000c09563f0,0x00000000c6b00000)
 Metaspace       used 34556K, capacity 35300K, committed 35416K, reserved 1079296K
  class space    used 4727K, capacity 4931K, committed 4992K, reserved 1048576K
Event: 8.201 GC heap after
Heap after GC invocations=8 (full 2):
 PSYoungGen      total 105984K, used 0K [0x00000000eab00000, 0x00000000f2100000, 0x0000000100000000)
  eden space 93696K, 0% used [0x00000000eab00000,0x00000000eab00000,0x00000000f0680000)
  from space 12288K, 0% used [0x00000000f1380000,0x00000000f1380000,0x00000000f1f80000)
  to   space 13312K, 0% used [0x00000000f0680000,0x00000000f0680000,0x00000000f1380000)
 ParOldGen       total 109568K, used 18520K [0x00000000c0000000, 0x00000000c6b00000, 0x00000000eab00000)
  object space 109568K, 16% used [0x00000000c0000000,0x00000000c1216338,0x00000000c6b00000)
 Metaspace       used 34511K, capacity 35200K, committed 35416K, reserved 1079296K
  class space    used 4716K, capacity 4919K, committed 4992K, reserved 1048576K
}
Event: 9.528 GC heap before
{Heap before GC invocations=9 (full 2):
 PSYoungGen      total 105984K, used 93696K [0x00000000eab00000, 0x00000000f2100000, 0x0000000100000000)
  eden space 93696K, 100% used [0x00000000eab00000,0x00000000f0680000,0x00000000f0680000)
  from space 12288K, 0% used [0x00000000f1380000,0x00000000f1380000,0x00000000f1f80000)
  to   space 13312K, 0% used [0x00000000f0680000,0x00000000f0680000,0x00000000f1380000)
 ParOldGen       total 109568K, used 18520K [0x00000000c0000000, 0x00000000c6b00000, 0x00000000eab00000)
  object space 109568K, 16% used [0x00000000c0000000,0x00000000c1216338,0x00000000c6b00000)
 Metaspace       used 42035K, capacity 42908K, committed 43352K, reserved 1087488K
  class space    used 5639K, capacity 5906K, committed 6016K, reserved 1048576K
Event: 9.540 GC heap after
Heap after GC invocations=9 (full 2):
 PSYoungGen      total 107008K, used 12027K [0x00000000eab00000, 0x00000000f4480000, 0x0000000100000000)
  eden space 93696K, 0% used [0x00000000eab00000,0x00000000eab00000,0x00000000f0680000)
  from space 13312K, 90% used [0x00000000f0680000,0x00000000f123ec18,0x00000000f1380000)
  to   space 14336K, 0% used [0x00000000f3680000,0x00000000f3680000,0x00000000f4480000)
 ParOldGen       total 109568K, used 18528K [0x00000000c0000000, 0x00000000c6b00000, 0x00000000eab00000)
  object space 109568K, 16% used [0x00000000c0000000,0x00000000c1218338,0x00000000c6b00000)
 Metaspace       used 42035K, capacity 42908K, committed 43352K, reserved 1087488K
  class space    used 5639K, capacity 5906K, committed 6016K, reserved 1048576K
}

