# JRE version: OpenJDK Runtime Environment (8.0_202-b03) (build 1.8.0_202-release-1483-b03)
# Java VM: OpenJDK 64-Bit Server VM (25.202-b03 mixed mode windows-amd64 compressed oops)
Heap:
 PSYoungGen      total 206336K, used 156687K [0x00000000eab00000, 0x00000000f9080000, 0x0000000100000000)
  eden space 185856K, 84% used [0x00000000eab00000,0x00000000f4403e38,0x00000000f6080000)
  from space 20480K, 0% used [0x00000000f7c80000,0x00000000f7c80000,0x00000000f9080000)
  to   space 24576K, 0% used [0x00000000f6080000,0x00000000f6080000,0x00000000f7880000)
 ParOldGen       total 181760K, used 42037K [0x00000000c0000000, 0x00000000cb180000, 0x00000000eab00000)
  object space 181760K, 23% used [0x00000000c0000000,0x00000000c290d5b0,0x00000000cb180000)
 Metaspace       used 62698K, capacity 64570K, committed 64788K, reserved 1105920K
  class space    used 8234K, capacity 8690K, committed 8764K, reserved 1048576K
GC Heap History (10 events):
Event: 19.090 GC heap before
{Heap before GC invocations=9 (full 2):
 PSYoungGen      total 114688K, used 103424K [0x00000000eab00000, 0x00000000f2e00000, 0x0000000100000000)
  eden space 103424K, 100% used [0x00000000eab00000,0x00000000f1000000,0x00000000f1000000)
  from space 11264K, 0% used [0x00000000f1b80000,0x00000000f1b80000,0x00000000f2680000)
  to   space 11776K, 0% used [0x00000000f1000000,0x00000000f1000000,0x00000000f1b80000)
 ParOldGen       total 114688K, used 16878K [0x00000000c0000000, 0x00000000c7000000, 0x00000000eab00000)
  object space 114688K, 14% used [0x00000000c0000000,0x00000000c107bb38,0x00000000c7000000)
 Metaspace       used 41161K, capacity 41976K, committed 42328K, reserved 1085440K
  class space    used 5693K, capacity 5951K, committed 6016K, reserved 1048576K
Event: 19.102 GC heap after
Heap after GC invocations=9 (full 2):
 PSYoungGen      total 115200K, used 10191K [0x00000000eab00000, 0x00000000f5780000, 0x0000000100000000)
  eden space 103424K, 0% used [0x00000000eab00000,0x00000000eab00000,0x00000000f1000000)
  from space 11776K, 86% used [0x00000000f1000000,0x00000000f19f3d20,0x00000000f1b80000)
  to   space 11776K, 0% used [0x00000000f4c00000,0x00000000f4c00000,0x00000000f5780000)
 ParOldGen       total 114688K, used 16886K [0x00000000c0000000, 0x00000000c7000000, 0x00000000eab00000)
  object space 114688K, 14% used [0x00000000c0000000,0x00000000c107db38,0x00000000c7000000)
 Metaspace       used 41161K, capacity 41976K, committed 42328K, reserved 1085440K
  class space    used 5693K, capacity 5951K, committed 6016K, reserved 1048576K
}
Event: 21.430 GC heap before
{Heap before GC invocations=10 (full 2):
 PSYoungGen      total 115200K, used 113615K [0x00000000eab00000, 0x00000000f5780000, 0x0000000100000000)
  eden space 103424K, 100% used [0x00000000eab00000,0x00000000f1000000,0x00000000f1000000)
  from space 11776K, 86% used [0x00000000f1000000,0x00000000f19f3d20,0x00000000f1b80000)
  to   space 11776K, 0% used [0x00000000f4c00000,0x00000000f4c00000,0x00000000f5780000)
 ParOldGen       total 114688K, used 16886K [0x00000000c0000000, 0x00000000c7000000, 0x00000000eab00000)
  object space 114688K, 14% used [0x00000000c0000000,0x00000000c107db38,0x00000000c7000000)
 Metaspace       used 47392K, capacity 48466K, committed 48728K, reserved 1091584K
  class space    used 6398K, capacity 6680K, committed 6784K, reserved 1048576K
Event: 21.448 GC heap after
Heap after GC invocations=10 (full 2):
 PSYoungGen      total 162816K, used 11755K [0x00000000eab00000, 0x00000000f5a80000, 0x0000000100000000)
  eden space 151040K, 0% used [0x00000000eab00000,0x00000000eab00000,0x00000000f3e80000)
  from space 11776K, 99% used [0x00000000f4c00000,0x00000000f577acb0,0x00000000f5780000)
  to   space 13824K, 0% used [0x00000000f3e80000,0x00000000f3e80000,0x00000000f4c00000)
 ParOldGen       total 114688K, used 19373K [0x00000000c0000000, 0x00000000c7000000, 0x00000000eab00000)
  object space 114688K, 16% used [0x00000000c0000000,0x00000000c12eb490,0x00000000c7000000)
 Metaspace       used 47392K, capacity 48466K, committed 48728K, reserved 1091584K
  class space    used 6398K, capacity 6680K, committed 6784K, reserved 1048576K
}
Event: 27.463 GC heap before
{Heap before GC invocations=11 (full 2):
 PSYoungGen      total 162816K, used 162795K [0x00000000eab00000, 0x00000000f5a80000, 0x0000000100000000)
  eden space 151040K, 100% used [0x00000000eab00000,0x00000000f3e80000,0x00000000f3e80000)
  from space 11776K, 99% used [0x00000000f4c00000,0x00000000f577acb0,0x00000000f5780000)
  to   space 13824K, 0% used [0x00000000f3e80000,0x00000000f3e80000,0x00000000f4c00000)
 ParOldGen       total 114688K, used 19373K [0x00000000c0000000, 0x00000000c7000000, 0x00000000eab00000)
  object space 114688K, 16% used [0x00000000c0000000,0x00000000c12eb490,0x00000000c7000000)
 Metaspace       used 53621K, capacity 55152K, committed 55256K, reserved 1097728K
  class space    used 7293K, capacity 7663K, committed 7680K, reserved 1048576K
Event: 27.501 GC heap after
Heap after GC invocations=11 (full 2):
 PSYoungGen      total 164864K, used 13795K [0x00000000eab00000, 0x00000000f9280000, 0x0000000100000000)
  eden space 151040K, 0% used [0x00000000eab00000,0x00000000eab00000,0x00000000f3e80000)
  from space 13824K, 99% used [0x00000000f3e80000,0x00000000f4bf8c18,0x00000000f4c00000)
  to   space 22528K, 0% used [0x00000000f7c80000,0x00000000f7c80000,0x00000000f9280000)
 ParOldGen       total 114688K, used 37825K [0x00000000c0000000, 0x00000000c7000000, 0x00000000eab00000)
  object space 114688K, 32% used [0x00000000c0000000,0x00000000c24f0508,0x00000000c7000000)
 Metaspace       used 53621K, capacity 55152K, committed 55256K, reserved 1097728K
  class space    used 7293K, capacity 7663K, committed 7680K, reserved 1048576K
}
Event: 65.609 GC heap before
{Heap before GC invocations=12 (full 2):
 PSYoungGen      total 164864K, used 162069K [0x00000000eab00000, 0x00000000f9280000, 0x0000000100000000)
  eden space 151040K, 98% used [0x00000000eab00000,0x00000000f3bcca30,0x00000000f3e80000)
  from space 13824K, 99% used [0x00000000f3e80000,0x00000000f4bf8c18,0x00000000f4c00000)
  to   space 22528K, 0% used [0x00000000f7c80000,0x00000000f7c80000,0x00000000f9280000)
 ParOldGen       total 114688K, used 37825K [0x00000000c0000000, 0x00000000c7000000, 0x00000000eab00000)
  object space 114688K, 32% used [0x00000000c0000000,0x00000000c24f0508,0x00000000c7000000)
 Metaspace       used 57139K, capacity 58956K, committed 59028K, reserved 1099776K
  class space    used 7604K, capacity 8075K, committed 8124K, reserved 1048576K
Event: 65.627 GC heap after
Heap after GC invocations=12 (full 2):
 PSYoungGen      total 206336K, used 19914K [0x00000000eab00000, 0x00000000f9080000, 0x0000000100000000)
  eden space 185856K, 0% used [0x00000000eab00000,0x00000000eab00000,0x00000000f6080000)
  from space 20480K, 97% used [0x00000000f7c80000,0x00000000f8ff29a0,0x00000000f9080000)
  to   space 24576K, 0% used [0x00000000f6080000,0x00000000f6080000,0x00000000f7880000)
 ParOldGen       total 114688K, used 42281K [0x00000000c0000000, 0x00000000c7000000, 0x00000000eab00000)
  object space 114688K, 36% used [0x00000000c0000000,0x00000000c294a528,0x00000000c7000000)
 Metaspace       used 57139K, capacity 58956K, committed 59028K, reserved 1099776K
  class space    used 7604K, capacity 8075K, committed 8124K, reserved 1048576K
}
Event: 65.627 GC heap before
{Heap before GC invocations=13 (full 3):
 PSYoungGen      total 206336K, used 19914K [0x00000000eab00000, 0x00000000f9080000, 0x0000000100000000)
  eden space 185856K, 0% used [0x00000000eab00000,0x00000000eab00000,0x00000000f6080000)
  from space 20480K, 97% used [0x00000000f7c80000,0x00000000f8ff29a0,0x00000000f9080000)
  to   space 24576K, 0% used [0x00000000f6080000,0x00000000f6080000,0x00000000f7880000)
 ParOldGen       total 114688K, used 42281K [0x00000000c0000000, 0x00000000c7000000, 0x00000000eab00000)
  object space 114688K, 36% used [0x00000000c0000000,0x00000000c294a528,0x00000000c7000000)
 Metaspace       used 57139K, capacity 58956K, committed 59028K, reserved 1099776K
  class space    used 7604K, capacity 8075K, committed 8124K, reserved 1048576K
Event: 65.856 GC heap after
Heap after GC invocations=13 (full 3):
 PSYoungGen      total 206336K, used 0K [0x00000000eab00000, 0x00000000f9080000, 0x0000000100000000)
  eden space 185856K, 0% used [0x00000000eab00000,0x00000000eab00000,0x00000000f6080000)
  from space 20480K, 0% used [0x00000000f7c80000,0x00000000f7c80000,0x00000000f9080000)
  to   space 24576K, 0% used [0x00000000f6080000,0x00000000f6080000,0x00000000f7880000)
 ParOldGen       total 181760K, used 42037K [0x00000000c0000000, 0x00000000cb180000, 0x00000000eab00000)
  object space 181760K, 23% used [0x00000000c0000000,0x00000000c290d5b0,0x00000000cb180000)
 Metaspace       used 57137K, capacity 58950K, committed 59028K, reserved 1099776K
  class space    used 7604K, capacity 8074K, committed 8124K, reserved 1048576K
}

