# JRE version: Java(TM) SE Runtime Environment (7.0_79-b15) (build 1.7.0_79-b15)
# Java VM: Java HotSpot(TM) 64-Bit Server VM (24.79-b02 mixed mode windows-amd64 compressed oops)
Heap
 PSYoungGen      total 217600K, used 24546K [0x00000000eaa80000, 0x0000000100000000, 0x0000000100000000)
  eden space 193024K, 0% used [0x00000000eaa80000,0x00000000eaa80000,0x00000000f6700000)
  from space 24576K, 99% used [0x00000000f6700000,0x00000000f7ef8a20,0x00000000f7f00000)
  to   space 38400K, 0% used [0x00000000fda80000,0x00000000fda80000,0x0000000100000000)
 ParOldGen       total 65024K, used 53312K [0x00000000c0000000, 0x00000000c3f80000, 0x00000000eaa80000)
  object space 65024K, 81% used [0x00000000c0000000,0x00000000c3410180,0x00000000c3f80000)
 PSPermGen       total 21504K, used 5681K [0x00000000bae00000, 0x00000000bc300000, 0x00000000c0000000)
  object space 21504K, 26% used [0x00000000bae00000,0x00000000bb38c420,0x00000000bc300000)
GC Heap History (10 events):
Event: 5.932 GC heap after
Heap after GC invocations=3 (full 0):
 PSYoungGen      total 53248K, used 4068K [0x00000000eaa80000, 0x00000000f1280000, 0x0000000100000000)
  eden space 49152K, 0% used [0x00000000eaa80000,0x00000000eaa80000,0x00000000eda80000)
  from space 4096K, 99% used [0x00000000eda80000,0x00000000ede79090,0x00000000ede80000)
  to   space 4096K, 0% used [0x00000000f0e80000,0x00000000f0e80000,0x00000000f1280000)
 ParOldGen       total 65024K, used 10891K [0x00000000c0000000, 0x00000000c3f80000, 0x00000000eaa80000)
  object space 65024K, 16% used [0x00000000c0000000,0x00000000c0aa2ed8,0x00000000c3f80000)
 PSPermGen       total 21504K, used 5550K [0x00000000bae00000, 0x00000000bc300000, 0x00000000c0000000)
  object space 21504K, 25% used [0x00000000bae00000,0x00000000bb36b908,0x00000000bc300000)
}
Event: 7.883 GC heap before
{Heap before GC invocations=4 (full 0):
 PSYoungGen      total 53248K, used 53220K [0x00000000eaa80000, 0x00000000f1280000, 0x0000000100000000)
  eden space 49152K, 100% used [0x00000000eaa80000,0x00000000eda80000,0x00000000eda80000)
  from space 4096K, 99% used [0x00000000eda80000,0x00000000ede79090,0x00000000ede80000)
  to   space 4096K, 0% used [0x00000000f0e80000,0x00000000f0e80000,0x00000000f1280000)
 ParOldGen       total 65024K, used 10891K [0x00000000c0000000, 0x00000000c3f80000, 0x00000000eaa80000)
  object space 65024K, 16% used [0x00000000c0000000,0x00000000c0aa2ed8,0x00000000c3f80000)
 PSPermGen       total 21504K, used 5612K [0x00000000bae00000, 0x00000000bc300000, 0x00000000c0000000)
  object space 21504K, 26% used [0x00000000bae00000,0x00000000bb37b378,0x00000000bc300000)
Event: 8.073 GC heap after
Heap after GC invocations=4 (full 0):
 PSYoungGen      total 102400K, used 4095K [0x00000000eaa80000, 0x00000000f1280000, 0x0000000100000000)
  eden space 98304K, 0% used [0x00000000eaa80000,0x00000000eaa80000,0x00000000f0a80000)
  from space 4096K, 99% used [0x00000000f0e80000,0x00000000f127ff58,0x00000000f1280000)
  to   space 4096K, 0% used [0x00000000f0a80000,0x00000000f0a80000,0x00000000f0e80000)
 ParOldGen       total 65024K, used 18072K [0x00000000c0000000, 0x00000000c3f80000, 0x00000000eaa80000)
  object space 65024K, 27% used [0x00000000c0000000,0x00000000c11a6318,0x00000000c3f80000)
 PSPermGen       total 21504K, used 5612K [0x00000000bae00000, 0x00000000bc300000, 0x00000000c0000000)
  object space 21504K, 26% used [0x00000000bae00000,0x00000000bb37b378,0x00000000bc300000)
}
Event: 9.766 GC heap before
{Heap before GC invocations=5 (full 0):
 PSYoungGen      total 102400K, used 102399K [0x00000000eaa80000, 0x00000000f1280000, 0x0000000100000000)
  eden space 98304K, 100% used [0x00000000eaa80000,0x00000000f0a80000,0x00000000f0a80000)
  from space 4096K, 99% used [0x00000000f0e80000,0x00000000f127ff58,0x00000000f1280000)
  to   space 4096K, 0% used [0x00000000f0a80000,0x00000000f0a80000,0x00000000f0e80000)
 ParOldGen       total 65024K, used 18072K [0x00000000c0000000, 0x00000000c3f80000, 0x00000000eaa80000)
  object space 65024K, 27% used [0x00000000c0000000,0x00000000c11a6318,0x00000000c3f80000)
 PSPermGen       total 21504K, used 5656K [0x00000000bae00000, 0x00000000bc300000, 0x00000000c0000000)
  object space 21504K, 26% used [0x00000000bae00000,0x00000000bb386058,0x00000000bc300000)
Event: 9.883 GC heap after
Heap after GC invocations=5 (full 0):
 PSYoungGen      total 102400K, used 4064K [0x00000000eaa80000, 0x00000000f9380000, 0x0000000100000000)
  eden space 98304K, 0% used [0x00000000eaa80000,0x00000000eaa80000,0x00000000f0a80000)
  from space 4096K, 99% used [0x00000000f0a80000,0x00000000f0e780a8,0x00000000f0e80000)
  to   space 20992K, 0% used [0x00000000f7f00000,0x00000000f7f00000,0x00000000f9380000)
 ParOldGen       total 65024K, used 34671K [0x00000000c0000000, 0x00000000c3f80000, 0x00000000eaa80000)
  object space 65024K, 53% used [0x00000000c0000000,0x00000000c21dbe48,0x00000000c3f80000)
 PSPermGen       total 21504K, used 5656K [0x00000000bae00000, 0x00000000bc300000, 0x00000000c0000000)
  object space 21504K, 26% used [0x00000000bae00000,0x00000000bb386058,0x00000000bc300000)
}
Event: 10.512 GC heap before
{Heap before GC invocations=6 (full 0):
 PSYoungGen      total 102400K, used 102368K [0x00000000eaa80000, 0x00000000f9380000, 0x0000000100000000)
  eden space 98304K, 100% used [0x00000000eaa80000,0x00000000f0a80000,0x00000000f0a80000)
  from space 4096K, 99% used [0x00000000f0a80000,0x00000000f0e780a8,0x00000000f0e80000)
  to   space 20992K, 0% used [0x00000000f7f00000,0x00000000f7f00000,0x00000000f9380000)
 ParOldGen       total 65024K, used 34671K [0x00000000c0000000, 0x00000000c3f80000, 0x00000000eaa80000)
  object space 65024K, 53% used [0x00000000c0000000,0x00000000c21dbe48,0x00000000c3f80000)
 PSPermGen       total 21504K, used 5670K [0x00000000bae00000, 0x00000000bc300000, 0x00000000c0000000)
  object space 21504K, 26% used [0x00000000bae00000,0x00000000bb389938,0x00000000bc300000)
Event: 10.641 GC heap after
Heap after GC invocations=6 (full 0):
 PSYoungGen      total 214016K, used 20669K [0x00000000eaa80000, 0x00000000f9a80000, 0x0000000100000000)
  eden space 193024K, 0% used [0x00000000eaa80000,0x00000000eaa80000,0x00000000f6700000)
  from space 20992K, 98% used [0x00000000f7f00000,0x00000000f932f5e8,0x00000000f9380000)
  to   space 24576K, 0% used [0x00000000f6700000,0x00000000f6700000,0x00000000f7f00000)
 ParOldGen       total 65024K, used 34671K [0x00000000c0000000, 0x00000000c3f80000, 0x00000000eaa80000)
  object space 65024K, 53% used [0x00000000c0000000,0x00000000c21dbe48,0x00000000c3f80000)
 PSPermGen       total 21504K, used 5670K [0x00000000bae00000, 0x00000000bc300000, 0x00000000c0000000)
  object space 21504K, 26% used [0x00000000bae00000,0x00000000bb389938,0x00000000bc300000)
}
Event: 11.813 GC heap before
{Heap before GC invocations=7 (full 0):
 PSYoungGen      total 214016K, used 213693K [0x00000000eaa80000, 0x00000000f9a80000, 0x0000000100000000)
  eden space 193024K, 100% used [0x00000000eaa80000,0x00000000f6700000,0x00000000f6700000)
  from space 20992K, 98% used [0x00000000f7f00000,0x00000000f932f5e8,0x00000000f9380000)
  to   space 24576K, 0% used [0x00000000f6700000,0x00000000f6700000,0x00000000f7f00000)
 ParOldGen       total 65024K, used 34671K [0x00000000c0000000, 0x00000000c3f80000, 0x00000000eaa80000)
  object space 65024K, 53% used [0x00000000c0000000,0x00000000c21dbe48,0x00000000c3f80000)
 PSPermGen       total 21504K, used 5681K [0x00000000bae00000, 0x00000000bc300000, 0x00000000c0000000)
  object space 21504K, 26% used [0x00000000bae00000,0x00000000bb38c420,0x00000000bc300000)
Event: 11.973 GC heap after
Heap after GC invocations=7 (full 0):
 PSYoungGen      total 217600K, used 24546K [0x00000000eaa80000, 0x0000000100000000, 0x0000000100000000)
  eden space 193024K, 0% used [0x00000000eaa80000,0x00000000eaa80000,0x00000000f6700000)
  from space 24576K, 99% used [0x00000000f6700000,0x00000000f7ef8a20,0x00000000f7f00000)
  to   space 38400K, 0% used [0x00000000fda80000,0x00000000fda80000,0x0000000100000000)
 ParOldGen       total 65024K, used 53312K [0x00000000c0000000, 0x00000000c3f80000, 0x00000000eaa80000)
  object space 65024K, 81% used [0x00000000c0000000,0x00000000c3410180,0x00000000c3f80000)
 PSPermGen       total 21504K, used 5681K [0x00000000bae00000, 0x00000000bc300000, 0x00000000c0000000)
  object space 21504K, 26% used [0x00000000bae00000,0x00000000bb38c420,0x00000000bc300000)
}
Event: 11.973 GC heap before
{Heap before GC invocations=8 (full 1):
 PSYoungGen      total 217600K, used 24546K [0x00000000eaa80000, 0x0000000100000000, 0x0000000100000000)
  eden space 193024K, 0% used [0x00000000eaa80000,0x00000000eaa80000,0x00000000f6700000)
  from space 24576K, 99% used [0x00000000f6700000,0x00000000f7ef8a20,0x00000000f7f00000)
  to   space 38400K, 0% used [0x00000000fda80000,0x00000000fda80000,0x0000000100000000)
 ParOldGen       total 65024K, used 53312K [0x00000000c0000000, 0x00000000c3f80000, 0x00000000eaa80000)
  object space 65024K, 81% used [0x00000000c0000000,0x00000000c3410180,0x00000000c3f80000)
 PSPermGen       total 21504K, used 5681K [0x00000000bae00000, 0x00000000bc300000, 0x00000000c0000000)
  object space 21504K, 26% used [0x00000000bae00000,0x00000000bb38c420,0x00000000bc300000)

